   Compiling integration_tests v0.1.0 (/home/gefferson-souza/Desktop/personal-projects/TypeRust/tests)
    Finished `test` profile [unoptimized + debuginfo] target(s) in 0.23s
     Running unittests src/lib.rs (target/debug/deps/integration_tests-48cacc1c99420a89)

running 31 tests
test test_cli_check_pass ... ok
test test_build::test_build_async_fn ... ok
test test_build::test_e2e_complex_scenario ... ok
test test_nestjs::nestjs_tests::test_nestjs_controller_generation ... ok
test test_nestjs::nestjs_tests::test_cargo_toml_generation ... ok
test test_build::test_build_simple_fn ... ok
test test_build::test_build_dto ... ok
    Updating crates.io index
test test_compilation::tests::test_execute_simple_function ... ok
test test_smoke_error ... ok
test test_compilation::tests::test_execute_class_with_main ... FAILED
test test_smoke_lint ... ok
test test_smoke_valid ... ok
test test_execute::executable_tests::test_compile_and_execute_class ... FAILED
    Blocking waiting for file lock on package cache
test test_compilation::tests::test_execute_interface ... ok
stored new snapshot /home/gefferson-souza/Desktop/personal-projects/TypeRust/tests/src/snapshots/integration_tests__test_snapshots__snapshot_e2e_full_stack.snap.new
test test_snapshots::test_snapshot_e2e_full_stack ... FAILED
test test_snapshots::test_snapshot_interface_simple ... ok
test test_snapshots::test_snapshot_smoke_valid ... ok
test test_execute::executable_tests::test_compile_and_execute_simple_functions ... ok
    Blocking waiting for file lock on package cache
test test_execute::executable_tests::test_compile_and_execute_integration ... ok
test test_stdlib_exec::stdlib_tests::test_stdlib_console ... ok
stored new snapshot /home/gefferson-souza/Desktop/personal-projects/TypeRust/tests/src/snapshots/integration_tests__test_snapshots__snapshot_class_simple.snap.new
test test_snapshots::test_snapshot_class_simple ... FAILED
    Blocking waiting for file lock on package cache
test test_execute::executable_tests::test_compile_and_execute_multi_file_project ... ok
test test_stdlib_exec::stdlib_tests::test_stdlib_math_execution ... ok
test test_stdlib_exec::stdlib_tests::test_stdlib_string_execution ... ok
    Blocking waiting for file lock on package cache
    Updating crates.io index
    Updating crates.io index
    Blocking waiting for file lock on package cache
    Updating crates.io index
    Blocking waiting for file lock on package cache
    Blocking waiting for file lock on package cache
     Locking 184 packages to latest compatible versions
      Adding axum v0.7.9 (available: v0.8.7)
      Adding rand v0.8.5 (available: v0.9.2)
      Adding reqwest v0.11.27 (available: v0.12.24)
      Adding tower v0.4.13 (available: v0.5.2)
      Adding tower-http v0.5.2 (available: v0.6.7)
    Blocking waiting for file lock on package cache
     Locking 184 packages to latest compatible versions
      Adding axum v0.7.9 (available: v0.8.7)
      Adding rand v0.8.5 (available: v0.9.2)
      Adding reqwest v0.11.27 (available: v0.12.24)
      Adding tower v0.4.13 (available: v0.5.2)
      Adding tower-http v0.5.2 (available: v0.6.7)
    Blocking waiting for file lock on package cache
     Locking 184 packages to latest compatible versions
      Adding axum v0.7.9 (available: v0.8.7)
      Adding rand v0.8.5 (available: v0.9.2)
      Adding reqwest v0.11.27 (available: v0.12.24)
      Adding tower v0.4.13 (available: v0.5.2)
      Adding tower-http v0.5.2 (available: v0.6.7)
    Blocking waiting for file lock on package cache
     Locking 184 packages to latest compatible versions
      Adding axum v0.7.9 (available: v0.8.7)
      Adding rand v0.8.5 (available: v0.9.2)
      Adding reqwest v0.11.27 (available: v0.12.24)
      Adding tower v0.4.13 (available: v0.5.2)
      Adding tower-http v0.5.2 (available: v0.6.7)
    Blocking waiting for file lock on package cache
    Blocking waiting for file lock on package cache
    Blocking waiting for file lock on package cache
    Blocking waiting for file lock on package cache
    Blocking waiting for file lock on package cache
   Compiling proc-macro2 v1.0.103
   Compiling quote v1.0.42
   Compiling unicode-ident v1.0.22
   Compiling libc v0.2.177
   Compiling cfg-if v1.0.4
   Compiling bytes v1.11.0
   Compiling pin-project-lite v0.2.16
   Compiling smallvec v1.15.1
   Compiling itoa v1.0.15
   Compiling once_cell v1.21.3
   Compiling futures-core v0.3.31
   Compiling parking_lot_core v0.9.12
   Compiling proc-macro2 v1.0.103
   Compiling proc-macro2 v1.0.103
   Compiling   Compiling unicode-ident v1.0.22
   Compiling quote v1.0.42
   Compiling libc v0.2.177
    Checking cfg-if v1.0.4
 proc-macro2 v1.0.103
   Compiling unicode-ident v1.0.22
   Compiling quote v1.0.42
   Compiling libc v0.2.177
    Checking cfg-if v1.0.4
    Checking pin-project-lite v0.2.16
    Checking bytes v1.11.0
    Checking itoa v1.0.15
    Checking smallvec v1.15.1
    Checking futures-core v0.3.31
    Checking once_cell v1.21.3
   Compiling parking_lot_core v0.9.12
    Checking bytes v1.11.0
    Checking pin-project-lite v0.2.16
    Checking itoa v1.0.15
   Compiling quote v1.0.42
   Compiling unicode-ident v1.0.22
   Compiling libc v0.2.177
    Checking cfg-if v1.0.4
    Checking pin-project-lite v0.2.16
    Checking bytes v1.11.0
    Checking smallvec v1.15.1
    Checking itoa v1.0.15
    Checking smallvec v1.15.1
    Checking stable_deref_trait v1.2.1
   Compiling parking_lot_core v0.9.12
    Checking futures-core v0.3.31
    Checking futures-core v0.3.31
   Compiling parking_lot_core v0.9.12
    Checking stable_deref_trait v1.2.1
   Compiling stable_deref_trait v1.2.1
   Compiling scopeguard v1.2.0
    Checking stable_deref_trait v1.2.1
   Compiling log v0.4.28
   Compiling shlex v1.3.0
    Checking once_cell v1.21.3
   Compiling find-msvc-tools v0.1.5
    Checking scopeguard v1.2.0
    Checking log v0.4.28
   Compiling find-msvc-tools v0.1.5
    Checking once_cell v1.21.3
    Checking scopeguard v1.2.0
    Checking log v0.4.28
    Checking scopeguard v1.2.0
   Compiling shlex v1.3.0
   Compiling shlex v1.3.0
   Compiling lock_api v0.4.14
   Compiling find-msvc-tools v0.1.5
    Checking log v0.4.28
    Checking pin-utils v0.1.0
   Compiling shlex v1.3.0
    Checking pin-utils v0.1.0
   Compiling vcpkg v0.2.15
   Compiling vcpkg v0.2.15
    Checking lock_api v0.4.14
   Compiling find-msvc-tools v0.1.5
   Compiling pkg-config v0.3.32
    Checking lock_api v0.4.14
    Checking lock_api v0.4.14
    Checking tracing-core v0.1.35
   Compiling vcpkg v0.2.15
   Compiling tracing-core v0.1.35
   Compiling pkg-config v0.3.32
   Compiling serde_core v1.0.228
   Compiling vcpkg v0.2.15
   Compiling pkg-config v0.3.32
    Checking pin-utils v0.1.0
    Checking tracing-core v0.1.35
    Checking tower-service v0.3.3
   Compiling pkg-config v0.3.32
   Compiling cc v1.2.47
   Compiling serde_core v1.0.228
   Compiling pin-utils v0.1.0
    Checking tracing-core v0.1.35
   Compiling cc v1.2.47
   Compiling serde_core v1.0.228
   Compiling httparse v1.10.1
   Compiling cc v1.2.47
    Checking tower-service v0.3.3
   Compiling tower-service v0.3.3
    Checking litemap v0.8.1
   Compiling serde_core v1.0.228
   Compiling httparse v1.10.1
   Compiling cc v1.2.47
   Compiling litemap v0.8.1
   Compiling httparse v1.10.1
    Checking litemap v0.8.1
    Checking tower-service v0.3.3
    Checking futures-task v0.3.31
   Compiling futures-task v0.3.31
    Checking writeable v0.6.2
    Checking writeable v0.6.2
   Compiling writeable v0.6.2
    Checking litemap v0.8.1
   Compiling httparse v1.10.1
    Checking futures-task v0.3.31
    Checking writeable v0.6.2
    Checking futures-task v0.3.31
    Checking futures-util v0.3.31
    Checking http v1.4.0
    Checking http v1.4.0
   Compiling icu_properties_data v2.1.1
   Compiling icu_normalizer_data v2.1.1
   Compiling icu_properties_data v2.1.1
   Compiling tracing v0.1.41
   Compiling futures-util v0.3.31
   Compiling icu_normalizer_data v2.1.1
    Checking futures-util v0.3.31
    Checking futures-util v0.3.31
   Compiling icu_properties_data v2.1.1
   Compiling icu_normalizer_data v2.1.1
   Compiling icu_normalizer_data v2.1.1
    Checking tracing v0.1.41
    Checking futures-channel v0.3.31
    Checking http v1.4.0
    Checking tracing v0.1.41
    Checking tracing v0.1.41
    Checking futures-channel v0.3.31
   Compiling serde v1.0.228
   Compiling icu_properties_data v2.1.1
    Checking futures-channel v0.3.31
   Compiling openssl v0.10.75
    Checking bitflags v2.10.0
   Compiling openssl v0.10.75
    Checking bitflags v2.10.0
   Compiling http v1.4.0
   Compiling futures-channel v0.3.31
   Compiling fnv v1.0.7
    Checking foreign-types-shared v0.1.1
    Checking fnv v1.0.7
    Checking httpdate v1.0.3
   Compiling serde v1.0.228
    Checking foreign-types-shared v0.1.1
   Compiling serde v1.0.228
    Checking httpdate v1.0.3
   Compiling openssl v0.10.75
   Compiling bitflags v2.10.0
    Checking fnv v1.0.7
   Compiling httpdate v1.0.3
    Checking httpdate v1.0.3
    Checking foreign-types v0.3.2
    Checking foreign-types-shared v0.1.1
    Checking fnv v1.0.7
   Compiling openssl v0.10.75
    Checking http v0.2.12
    Checking bitflags v2.10.0
    Checking foreign-types v0.3.2
    Checking http v0.2.12
    Checking http v0.2.12
    Checking foreign-types v0.3.2
   Compiling foreign-types-shared v0.1.1
   Compiling serde v1.0.228
    Checking equivalent v1.0.2
   Compiling foreign-types v0.3.2
    Checking hashbrown v0.16.1
    Checking hashbrown v0.16.1
    Checking tower-layer v0.3.3
   Compiling native-tls v0.2.14
    Checking hashbrown v0.16.1
    Checking futures-sink v0.3.31
   Compiling http v0.2.12
    Checking equivalent v1.0.2
   Compiling native-tls v0.2.14
    Checking percent-encoding v2.3.2
   Compiling zerocopy v0.8.30
    Checking futures-sink v0.3.31
   Compiling percent-encoding v2.3.2
    Checking percent-encoding v2.3.2
    Checking futures-sink v0.3.31
   Compiling futures-sink v0.3.31
   Compiling zerocopy v0.8.30
   Compiling syn v2.0.111
   Compiling syn v2.0.111
   Compiling native-tls v0.2.14
   Compiling syn v2.0.111
   Compiling openssl-sys v0.9.111
   Compiling zerocopy v0.8.30
   Compiling zerocopy v0.8.30
    Checking percent-encoding v2.3.2
    Checking http-body v1.0.1
    Checking tower-layer v0.3.3
    Checking equivalent v1.0.2
   Compiling tower-layer v0.3.3
    Checking tower-layer v0.3.3
    Checking form_urlencoded v1.2.2
    Checking form_urlencoded v1.2.2
   Compiling equivalent v1.0.2
   Compiling rustversion v1.0.22
   Compiling serde_json v1.0.145
    Checking slab v0.4.11
   Compiling rustversion v1.0.22
    Checking openssl-probe v0.1.6
   Compiling syn v2.0.111
    Checking try-lock v0.2.5
   Compiling hashbrown v0.16.1
   Compiling native-tls v0.2.14
    Checking form_urlencoded v1.2.2
    Checking try-lock v0.2.5
   Compiling form_urlencoded v1.2.2
    Checking openssl-probe v0.1.6
    Checking slab v0.4.11
    Checking ryu v1.0.20
   Compiling serde_json v1.0.145
   Compiling serde_json v1.0.145
   Compiling ryu v1.0.20
   Compiling rustversion v1.0.22
    Checking socket2 v0.6.1
    Checking signal-hook-registry v1.4.7
    Checking http-body v1.0.1
    Checking mio v1.1.0
    Checking try-lock v0.2.5
    Checking ryu v1.0.20
    Checking slab v0.4.11
    Checking want v0.3.1
    Checking http-body-util v0.1.3
    Checking want v0.3.1
    Checking ryu v1.0.20
    Checking mime v0.3.17
   Compiling try-lock v0.2.5
    Checking openssl-probe v0.1.6
   Compiling serde_json v1.0.145
   Compiling rustversion v1.0.22
    Checking socket2 v0.6.1
    Checking getrandom v0.2.16
    Checking parking_lot v0.12.5
    Checking mio v1.1.0
   Compiling mio v1.1.0
   Compiling socket2 v0.6.1
    Checking signal-hook-registry v1.4.7
    Checking socket2 v0.5.10
    Checking http-body v1.0.1
    Checking atomic-waker v1.1.2
    Checking indexmap v2.12.1
    Checking http-body v0.4.6
    Checking getrandom v0.2.16
    Checking sync_wrapper v1.0.2
    Checking socket2 v0.5.10
    Checking http-body-util v0.1.3
    Checking indexmap v2.12.1
    Checking parking_lot v0.12.5
    Checking http-body v0.4.6
    Checking memchr v2.7.6
   Compiling signal-hook-registry v1.4.7
   Compiling openssl-sys v0.9.111
    Checking memchr v2.7.6
    Checking utf8_iter v1.0.4
    Checking indexmap v2.12.1
    Checking http-body-util v0.1.3
   Compiling openssl-probe v0.1.6
    Checking utf8_iter v1.0.4
    Checking mime v0.3.17
    Checking base64 v0.21.7
    Checking sync_wrapper v1.0.2
    Checking want v0.3.1
    Checking socket2 v0.6.1
    Checking atomic-waker v1.1.2
    Checking mio v1.1.0
    Checking rand_core v0.6.4
    Checking utf8_iter v1.0.4
    Checking signal-hook-registry v1.4.7
    Checking sync_wrapper v1.0.2
    Checking http-body v0.4.6
    Checking atomic-waker v1.1.2
    Checking memchr v2.7.6
    Checking mime v0.3.17
   Compiling parking_lot v0.12.5
    Checking rand_core v0.6.4
   Compiling http-body v1.0.1
    Checking base64 v0.21.7
    Checking encoding_rs v0.8.35
    Checking base64 v0.21.7
    Checking encoding_rs v0.8.35
    Checking sync_wrapper v0.1.2
    Checking parking_lot v0.12.5
    Checking ipnet v2.11.0
    Checking ipnet v2.11.0
    Checking matchit v0.7.3
    Checking socket2 v0.5.10
    Checking getrandom v0.2.16
   Compiling indexmap v2.12.1
    Checking sync_wrapper v0.1.2
    Checking matchit v0.7.3
    Checking tower-http v0.5.2
   Compiling slab v0.4.11
    Checking tower-http v0.5.2
    Checking tower v0.4.13
    Checking rustls-pemfile v1.0.4
   Compiling openssl-sys v0.9.111
    Checking encoding_rs v0.8.35
    Checking matchit v0.7.3
    Checking ipnet v2.11.0
   Compiling http-body v0.4.6
    Checking tower v0.4.13
    Checking rand_core v0.6.4
   Compiling http-body-util v0.1.3
    Checking rustls-pemfile v1.0.4
    Checking sync_wrapper v0.1.2
   Compiling openssl-sys v0.9.111
    Checking tower-http v0.5.2
    Checking tower v0.4.13
    Checking rustls-pemfile v1.0.4
   Compiling want v0.3.1
   Compiling getrandom v0.2.16
   Compiling socket2 v0.5.10
   Compiling utf8_iter v1.0.4
   Compiling sync_wrapper v1.0.2
   Compiling mime v0.3.17
   Compiling atomic-waker v1.1.2
   Compiling memchr v2.7.6
   Compiling rand_core v0.6.4
   Compiling base64 v0.21.7
    Checking ppv-lite86 v0.2.21
   Compiling encoding_rs v0.8.35
   Compiling matchit v0.7.3
    Checking ppv-lite86 v0.2.21
   Compiling rustls-pemfile v1.0.4
    Checking serde_path_to_error v0.1.20
    Checking serde_path_to_error v0.1.20
   Compiling ipnet v2.11.0
    Checking rand_chacha v0.3.1
   Compiling sync_wrapper v0.1.2
   Compiling tower-http v0.5.2
   Compiling tower v0.4.13
    Checking rand_chacha v0.3.1
    Checking serde_path_to_error v0.1.20
    Checking rand v0.8.5
    Checking ppv-lite86 v0.2.21
   Compiling serde_path_to_error v0.1.20
    Checking rand v0.8.5
    Checking rand_chacha v0.3.1
    Checking rand v0.8.5
   Compiling ppv-lite86 v0.2.21
   Compiling rand_chacha v0.3.1
   Compiling rand v0.8.5
   Compiling synstructure v0.13.2
   Compiling synstructure v0.13.2
   Compiling zerovec-derive v0.11.2
   Compiling tokio-macros v2.6.0
   Compiling displaydoc v0.2.5
   Compiling serde_derive v1.0.228
   Compiling openssl-macros v0.1.1
   Compiling async-trait v0.1.89
   Compiling zerofrom-derive v0.1.6
   Compiling yoke-derive v0.8.1
   Compiling synstructure v0.13.2
   Compiling zerofrom-derive v0.1.6
   Compiling yoke-derive v0.8.1
   Compiling zerovec-derive v0.11.2
   Compiling tokio-macros v2.6.0
   Compiling displaydoc v0.2.5
   Compiling serde_derive v1.0.228
   Compiling openssl-macros v0.1.1
   Compiling async-trait v0.1.89
   Compiling synstructure v0.13.2
   Compiling zerovec-derive v0.11.2
   Compiling tokio-macros v2.6.0
   Compiling displaydoc v0.2.5
   Compiling serde_derive v1.0.228
   Compiling openssl-macros v0.1.1
   Compiling async-trait v0.1.89
   Compiling zerofrom-derive v0.1.6
   Compiling yoke-derive v0.8.1
    Checking tokio v1.48.0
    Checking tokio v1.48.0
    Checking axum-core v0.4.5
   Compiling zerofrom-derive v0.1.6
   Compiling yoke-derive v0.8.1
   Compiling zerovec-derive v0.11.2
   Compiling tokio-macros v2.6.0
   Compiling displaydoc v0.2.5
   Compiling serde_derive v1.0.228
   Compiling openssl-macros v0.1.1
   Compiling async-trait v0.1.89
    Checking zerofrom v0.1.6
    Checking tokio v1.48.0
    Checking axum-core v0.4.5
    Checking yoke v0.8.1
    Checking axum-core v0.4.5
    Checking zerofrom v0.1.6
   Compiling tokio v1.48.0
    Checking yoke v0.8.1
    Checking zerovec v0.11.5
    Checking zerotrie v0.2.3
    Checking zerofrom v0.1.6
    Checking zerovec v0.11.5
    Checking zerotrie v0.2.3
    Checking yoke v0.8.1
   Compiling zerofrom v0.1.6
    Checking zerovec v0.11.5
    Checking zerotrie v0.2.3
   Compiling yoke v0.8.1
   Compiling axum-core v0.4.5
   Compiling zerotrie v0.2.3
   Compiling zerovec v0.11.5
    Checking tinystr v0.8.2
    Checking potential_utf v0.1.4
    Checking icu_collections v2.1.1
    Checking tinystr v0.8.2
    Checking potential_utf v0.1.4
    Checking icu_locale_core v2.1.1
    Checking icu_collections v2.1.1
    Checking icu_locale_core v2.1.1
   Compiling tinystr v0.8.2
   Compiling potential_utf v0.1.4
   Compiling icu_collections v2.1.1
   Compiling icu_locale_core v2.1.1
    Checking tinystr v0.8.2
    Checking potential_utf v0.1.4
    Checking icu_collections v2.1.1
    Checking icu_locale_core v2.1.1
    Checking icu_provider v2.1.1
    Checking icu_provider v2.1.1
    Checking icu_properties v2.1.1
    Checking icu_normalizer v2.1.1
    Checking icu_properties v2.1.1
    Checking icu_normalizer v2.1.1
    Checking serde_urlencoded v0.7.1
    Checking icu_provider v2.1.1
   Compiling icu_provider v2.1.1
   Compiling serde_urlencoded v0.7.1
    Checking idna_adapter v1.2.1
    Checking icu_properties v2.1.1
    Checking icu_normalizer v2.1.1
    Checking idna v1.1.0
   Compiling icu_normalizer v2.1.1
   Compiling icu_properties v2.1.1
    Checking serde_urlencoded v0.7.1
    Checking tokio-util v0.7.17
    Checking tokio-native-tls v0.3.1
    Checking hyper v1.8.1
    Checking tower v0.5.2
    Checking url v2.5.7
    Checking serde_urlencoded v0.7.1
    Checking h2 v0.3.27
    Checking idna_adapter v1.2.1
    Checking idna v1.1.0
    Checking idna_adapter v1.2.1
    Checking idna v1.1.0
    Checking hyper-util v0.1.18
    Checking url v2.5.7
   Compiling idna_adapter v1.2.1
    Checking url v2.5.7
   Compiling idna v1.1.0
    Checking tokio-util v0.7.17
    Checking hyper v1.8.1
    Checking tokio-native-tls v0.3.1
    Checking tower v0.5.2
    Checking tokio-util v0.7.17
    Checking tokio-native-tls v0.3.1
    Checking hyper v1.8.1
    Checking tower v0.5.2
    Checking axum v0.7.9
    Checking h2 v0.3.27
    Checking hyper-util v0.1.18
   Compiling url v2.5.7
    Checking h2 v0.3.27
    Checking axum v0.7.9
   Compiling tokio-util v0.7.17
   Compiling tokio-native-tls v0.3.1
   Compiling hyper v1.8.1
   Compiling tower v0.5.2
    Checking hyper-util v0.1.18
    Checking axum v0.7.9
   Compiling h2 v0.3.27
   Compiling hyper-util v0.1.18
   Compiling axum v0.7.9
    Checking hyper v0.14.32
    Checking hyper v0.14.32
    Checking hyper v0.14.32
    Checking hyper-tls v0.5.0
    Checking reqwest v0.11.27
   Compiling hyper v0.14.32
test test_types::type_tests::test_compile_and_execute_advanced_types ... FAILED
test test_generics::generic_tests::test_compile_and_execute_generics ... FAILED
    Checking typerust_app v0.1.0 (/home/gefferson-souza/Desktop/personal-projects/TypeRust/tests/fixtures/complex_nestjs/dist)
warning: unreachable block in `if` or `while` expression
 --> src/services/payment_service.rs:5:455
  |
5 | ...etAccount) ; if todo ! () { return Ok (String :: from ("BLOCKED")) ; } return Ok (String :: from ("PROCESSED_") + & (dto . amount) . r...
  |                    --------- ^^^^^^^^^^^^^^^^^^^^^^^^^^^^^^^^^^^^^^^^^^^^ unreachable block in `if` or `while` expression
  |                    |
  |                    any code following this expression is unreachable
  |
  = note: `#[warn(unreachable_code)]` on by default

warning: unused variable: `is_safe`
 --> src/services/payment_service.rs:5:368
  |
5 | ...ate :: AppError > { let mut is_safe = self . fraud_service . clone () . check (dto . targetAccount) ; if todo ! () { return Ok (String...
  |                                ^^^^^^^ help: if this is intentional, prefix it with an underscore: `_is_safe`
  |
  = note: `#[warn(unused_variables)]` on by default

warning: variable does not need to be mutable
 --> src/services/payment_service.rs:5:364
  |
5 | ...tDto) -> Result < String , crate :: AppError > { let mut is_safe = self . fraud_service . clone () . check (dto . targetAccount) ; if ...
  |                                                         ----^^^^^^^
  |                                                         |
  |                                                         help: remove this `mut`
  |
  = note: `#[warn(unused_mut)]` on by default

error[E0596]: cannot borrow data in an `Arc` as mutable
 --> src/services/payment_service.rs:5:378
  |
5 | ...rate :: AppError > { let mut is_safe = self . fraud_service . clone () . check (dto . targetAccount) ; if todo ! () { return Ok (Strin...
  |                                           ^^^^^^^^^^^^^^^^^^^^^^^^^^^^^^^ cannot borrow as mutable
  |
  = help: trait `DerefMut` is required to modify through a dereference, but it is not implemented for `Arc<FraudService>`

error[E0596]: cannot borrow data in an `Arc` as mutable
 --> src/controllers/payment_controller.rs:6:467
  |
6 | ...ng , crate :: AppError > { return Ok (self . payment_service . clone () . process (dto) . await ? . into ()) ; } # [doc = concat ! ("R...
  |                                          ^^^^^^^^^^^^^^^^^^^^^^^^^^^^^^^^^ cannot borrow as mutable
  |
  = help: trait `DerefMut` is required to modify through a dereference, but it is not implemented for `Arc<PaymentService>`

For more information about this error, try `rustc --explain E0596`.
warning: `typerust_app` (lib) generated 3 warnings
error: could not compile `typerust_app` (lib) due to 2 previous errors; 3 warnings emitted
test test_regression::test_scenario_3_complex_nestjs ... FAILED
    Checking hyper-tls v0.5.0
    Checking reqwest v0.11.27
    Checking hyper-tls v0.5.0
    Checking typerust_app v0.1.0 (/home/gefferson-souza/Desktop/personal-projects/TypeRust/tests/fixtures/complex_single/dist)
    Checking reqwest v0.11.27
warning: unreachable call
 --> src/input.rs:4:167
  |
4 | ...om")) . await ? ; return Ok (todo ! ("unsupported literal")) ; }
  |                             ^^  ------------------------------ any code following this expression is unreachable
  |                             |
  |                             unreachable call
  |
  = note: `#[warn(unreachable_code)]` on by default

warning: unused variable: `m`
 --> src/input.rs:4:25
  |
4 | async fn report_metric (m : Metric) -> Result < bool , crate :: AppError > { let mut res = reqwest :: get (String :: from ("https://metri...
  |                         ^ help: if this is intentional, prefix it with an underscore: `_m`
  |
  = note: `#[warn(unused_variables)]` on by default

warning: unused variable: `res`
 --> src/input.rs:4:86
  |
4 | ..., crate :: AppError > { let mut res = reqwest :: get (String :: from ("https://metrics.com")) . await ? ; return Ok (todo ! ("unsuppor...
  |                                    ^^^ help: if this is intentional, prefix it with an underscore: `_res`

warning: variable does not need to be mutable
 --> src/input.rs:4:82
  |
4 | async fn report_metric (m : Metric) -> Result < bool , crate :: AppError > { let mut res = reqwest :: get (String :: from ("https://metri...
  |                                                                                  ----^^^
  |                                                                                  |
  |                                                                                  help: remove this `mut`
  |
  = note: `#[warn(unused_mut)]` on by default

error[E0308]: mismatched types
 --> src/input.rs:3:129
  |
3 | ... = data . iter () . cloned () . filter (| n | n > 0f64) . collect :: < Vec < _ >> () . iter () . cloned () . map (| n | n * 1.5f64) . ...
  |                                                      ^^^^ expected `&f64`, found `f64`
  |
help: consider dereferencing the borrow
  |
3 | fn calculate_metrics (data : Vec < f64 >) -> Vec < Metric > { let mut filtered = data . iter () . cloned () . filter (| n | *n > 0f64) . collect :: < Vec < _ >> () . iter () . cloned () . map (| n | n * 1.5f64) . collect :: < Vec < _ >> () ; let mut max_val = filtered . iter () . fold (100f64 , | a , & b | a . max (b)) ; let mut label = String :: from ("Metric_Run_") + & (rand :: random :: < f64 > () * 100f64) . round () . to_string () . to_uppercase () ; if label . contains (& String :: from ("RUN")) { println ! ("{}" , String :: from ("Processing run...")) ; } return filtered . iter () . cloned () . enumerate () . map (| (idx , val) | (| val , idx | todo ! ()) (val , idx as f64)) . collect :: < Vec < _ >> () ; }
  |                                                                                                                             +

For more information about this error, try `rustc --explain E0308`.
warning: `typerust_app` (lib) generated 4 warnings
error: could not compile `typerust_app` (lib) due to 1 previous error; 4 warnings emitted
test test_regression::test_scenario_1_complex_single ... FAILED
    Checking typerust_app v0.1.0 (/home/gefferson-souza/Desktop/personal-projects/TypeRust/tests/fixtures/complex_node/dist)
warning: variable does not need to be mutable
 --> src/services/user_processor.rs:5:319
  |
5 | ...ring) -> Result < String , crate :: AppError > { let mut user = self . client . clone () . get (String :: from ("/") + & id) . await ?...
  |                                                         ----^^^^
  |                                                         |
  |                                                         help: remove this `mut`
  |
  = note: `#[warn(unused_mut)]` on by default

error[E0596]: cannot borrow data in an `Arc` as mutable
 --> src/services/user_processor.rs:5:330
  |
5 | ...ng , crate :: AppError > { let mut user = self . client . clone () . get (String :: from ("/") + & id) . await ? ; return Ok (user . n...
  |                                              ^^^^^^^^^^^^^^^^^^^^^^^^ cannot borrow as mutable
  |
  = help: trait `DerefMut` is required to modify through a dereference, but it is not implemented for `Arc<HttpClient<User>>`

For more information about this error, try `rustc --explain E0596`.
warning: `typerust_app` (lib) generated 1 warning
error: could not compile `typerust_app` (lib) due to 1 previous error; 1 warning emitted
test test_regression::test_scenario_2_complex_node ... FAILED
   Compiling hyper-tls v0.5.0
   Compiling reqwest v0.11.27
   Compiling typerust_app v0.1.0 (/tmp/.tmpV4G5ub)
warning: unused import: `axum::Router`
 --> src/main.rs:1:5
  |
1 | use axum::Router;
  |     ^^^^^^^^^^^^
  |
  = note: `#[warn(unused_imports)]` on by default

warning: `typerust_app` (bin "server") generated 1 warning (run `cargo fix --bin "server"` to apply 1 suggestion)
    Finished `dev` profile [unoptimized + debuginfo] target(s) in 53.16s
test test_nestjs::nestjs_tests::test_nestjs_project_compilation ... ok
